<?xml version="1.0" encoding="UTF-8"?>
<testng-results ignored="0" total="1" passed="1" failed="0" skipped="0">
  <reporter-output>
  </reporter-output>
  <suite started-at="2023-05-02T18:17:28Z" name="Default suite" finished-at="2023-05-02T18:17:31Z" duration-ms="3129">
    <groups>
    </groups>
    <test started-at="2023-05-02T18:17:28Z" name="Default test" finished-at="2023-05-02T18:17:31Z" duration-ms="3129">
      <class name="test.CreateAccountPageTest">
        <test-method is-config="true" signature="setup()[pri:0, instance:test.CreateAccountPageTest@6e6f2380]" started-at="2023-05-02T14:17:25Z" name="setup" finished-at="2023-05-02T14:17:28Z" duration-ms="2602" status="PASS">
          <reporter-output>
          </reporter-output>
        </test-method> <!-- setup -->
        <test-method signature="CreateAccountPageTest()[pri:0, instance:test.CreateAccountPageTest@6e6f2380]" started-at="2023-05-02T14:17:28Z" name="CreateAccountPageTest" finished-at="2023-05-02T14:17:31Z" duration-ms="3081" status="PASS">
          <reporter-output>
          </reporter-output>
        </test-method> <!-- CreateAccountPageTest -->
      </class> <!-- test.CreateAccountPageTest -->
    </test> <!-- Default test -->
  </suite> <!-- Default suite -->
</testng-results>
